\BOOKMARK [0][-]{chapter*.1}{\376\377\000P\000r\000e\000f\000a\000c\000e}{}% 1
\BOOKMARK [-1][-]{part.1}{\376\377\000I\000\040\000B\000u\000i\000l\000d\000i\000n\000g\000\040\000o\000n\000\040\000L\000e\000c\000t\000u\000r\000e\000\040\000N\000o\000t\000e\000s}{}% 2
\BOOKMARK [0][-]{chapter.1}{\376\377\000L\000e\000c\000\040\0001\000:\000\040\000I\000n\000t\000r\000o\000d\000u\000c\000t\000i\000o\000n\000\040\000t\000o\000\040\000s\000t\000a\000t\000i\000s\000t\000i\000c\000a\000l\000\040\000i\000n\000f\000e\000r\000e\000n\000c\000e}{part.1}% 3
\BOOKMARK [0][-]{chapter.2}{\376\377\000L\000e\000c\000\040\0002\000:\000\040\000S\000o\000m\000e\000\040\000e\000x\000a\000m\000p\000l\000e\000s\000\040\000i\000n\000\040\000c\000a\000l\000c\000u\000l\000a\000t\000i\000n\000g\000\040\000p\000r\000o\000b\000a\000b\000i\000l\000i\000t\000i\000e\000s\000\040\000w\000i\000t\000h\000\040\000r\000o\000l\000l\000i\000n\000g\000\040\000o\000f\000\040\000d\000i\000c\000e}{part.1}% 4
\BOOKMARK [1][-]{section.2.1}{\376\377\000I\000s\000\040\000p\000r\000o\000b\000a\000b\000i\000l\000i\000t\000y\000\040\000e\000a\000s\000i\000e\000r\000\040\000n\000o\000w\000\040\000t\000h\000a\000n\000\040\000i\000n\000\040\0001\0005\0006\0000\000?\000\040\000\050\000C\000a\000r\000d\000e\000n\000'\000s\000\040\000C\000o\000u\000n\000t\000i\000n\000g\000\051}{chapter.2}% 5
\BOOKMARK [2][-]{subsection.2.1.1}{\376\377\000C\000o\000m\000b\000i\000n\000a\000t\000o\000r\000i\000c\000s}{section.2.1}% 6
\BOOKMARK [1][-]{section.2.2}{\376\377\000E\000f\000r\000o\000n\000'\000s\000\040\000D\000i\000c\000e}{chapter.2}% 7
\BOOKMARK [0][-]{chapter.3}{\376\377\000L\000e\000c\000\040\0003\000:\000\040\000E\000x\000a\000m\000p\000l\000e\000s\000\040\000u\000s\000i\000n\000g\000\040\000B\000a\000y\000e\000'\000s\000\040\000t\000h\000e\000o\000r\000e\000m}{part.1}% 8
\BOOKMARK [0][-]{chapter.4}{\376\377\000L\000e\000c\000\040\0004\000:\000\040\000S\000o\000m\000e\000\040\000i\000m\000p\000o\000r\000t\000a\000n\000t\000\040\000p\000r\000o\000b\000a\000b\000i\000l\000i\000t\000y\000\040\000d\000e\000n\000s\000i\000t\000y\000\040\000f\000u\000n\000c\000t\000i\000o\000n\000s}{part.1}% 9
\BOOKMARK [0][-]{chapter.5}{\376\377\000L\000e\000c\000\040\0005\000:\000\040\000E\000x\000a\000m\000p\000l\000e\000s\000\040\000o\000f\000\040\000i\000n\000f\000e\000r\000e\000n\000c\000e\000\040\000f\000r\000o\000m\000\040\000E\000f\000r\000o\000n}{part.1}% 10
\BOOKMARK [0][-]{chapter.6}{\376\377\000L\000e\000c\000\040\0006\000:\000\040\000P\000o\000i\000n\000t\000\040\000e\000s\000t\000i\000m\000a\000t\000i\000o\000n}{part.1}% 11
\BOOKMARK [1][-]{section.6.1}{\376\377\000I\000n\000t\000r\000o\000d\000u\000c\000t\000i\000o\000n}{chapter.6}% 12
\BOOKMARK [1][-]{section.6.2}{\376\377\000E\000s\000t\000i\000m\000a\000t\000e\000\040\000a\000n\000d\000\040\000e\000s\000t\000i\000m\000a\000t\000o\000r}{chapter.6}% 13
\BOOKMARK [2][-]{subsection.6.2.1}{\376\377\000U\000n\000b\000i\000a\000s\000e\000d\000\040\000e\000s\000t\000i\000m\000a\000t\000o\000r\000s}{section.6.2}% 14
\BOOKMARK [1][-]{section.6.3}{\376\377\000M\000e\000t\000h\000o\000d\000\040\000o\000f\000\040\000M\000o\000m\000e\000n\000t\000s}{chapter.6}% 15
\BOOKMARK [1][-]{section.6.4}{\376\377\000L\000i\000k\000e\000l\000i\000h\000o\000o\000d\000\040\000f\000u\000n\000c\000t\000i\000o\000n}{chapter.6}% 16
\BOOKMARK [2][-]{subsection.6.4.1}{\376\377\000M\000o\000t\000i\000v\000a\000t\000i\000o\000n\000\040\000a\000n\000d\000\040\000i\000n\000t\000u\000i\000t\000i\000o\000n}{section.6.4}% 17
\BOOKMARK [2][-]{subsection.6.4.2}{\376\377\000T\000h\000e\000\040\000m\000e\000a\000t}{section.6.4}% 18
\BOOKMARK [1][-]{section.6.5}{\376\377\000R\000e\000g\000u\000l\000a\000r\000i\000t\000y\000\040\000c\000o\000n\000d\000i\000t\000i\000o\000n\000s\000\040\000\050\000I\000\051}{chapter.6}% 19
\BOOKMARK [2][-]{subsection.6.5.1}{\376\377\000C\000r\000a\000m\000\351\000r\000-\000R\000a\000o\000\040\000l\000o\000w\000e\000r\000\040\000b\000o\000u\000n\000d}{section.6.5}% 20
\BOOKMARK [1][-]{section.6.6}{\376\377\000R\000e\000g\000u\000l\000a\000r\000\040\000e\000x\000p\000o\000n\000e\000n\000t\000i\000a\000l\000\040\000f\000a\000m\000i\000l\000y}{chapter.6}% 21
\BOOKMARK [2][-]{subsection.6.6.1}{\376\377\000C\000o\000m\000p\000l\000e\000t\000e\000?\000?\000?}{section.6.6}% 22
\BOOKMARK [2][-]{subsection.6.6.2}{\376\377\000P\000a\000r\000a\000m\000e\000t\000e\000r\000\040\000s\000p\000a\000c\000e}{section.6.6}% 23
\BOOKMARK [1][-]{section.6.7}{\376\377\000U\000M\000V\000U\000\040\000e\000s\000t\000i\000m\000a\000t\000o\000r\000s}{chapter.6}% 24
\BOOKMARK [1][-]{section.6.8}{\376\377\000M\000a\000x\000i\000m\000u\000m\000\040\000L\000i\000k\000e\000l\000i\000h\000o\000o\000d\000\040\000M\000e\000t\000h\000o\000d\000\040\000\050\000M\000L\000\051}{chapter.6}% 25
\BOOKMARK [1][-]{section.6.9}{\376\377\000S\000u\000f\000f\000i\000c\000i\000e\000n\000c\000y}{chapter.6}% 26
\BOOKMARK [1][-]{section.6.10}{\376\377\000R\000a\000o\000-\000B\000l\000a\000c\000k\000w\000e\000l\000l\000\040\000T\000h\000e\000o\000r\000e\000m}{chapter.6}% 27
\BOOKMARK [2][-]{subsection.6.10.1}{\376\377\000T\000h\000e\000o\000r\000e\000m\000\040\0002\000.}{section.6.10}% 28
\BOOKMARK [-1][-]{part.2}{\376\377\000I\000I\000\040\000B\000a\000c\000k\000g\000r\000o\000u\000n\000d\000\040\000a\000n\000d\000\040\000b\000a\000s\000i\000c\000s}{}% 29
\BOOKMARK [0][-]{chapter.7}{\376\377\000R\000a\000n\000d\000o\000m\000\040\000e\000x\000p\000e\000r\000i\000m\000e\000n\000t\000s\000\040\000a\000n\000d\000\040\000p\000r\000o\000b\000a\000b\000i\000l\000i\000t\000y\000\040\000m\000o\000d\000e\000l\000s}{part.2}% 30
\BOOKMARK [1][-]{section.7.1}{\376\377\000R\000a\000n\000d\000o\000m\000\040\000e\000x\000p\000e\000r\000i\000m\000e\000n\000t\000s}{chapter.7}% 31
\BOOKMARK [1][-]{section.7.2}{\376\377\000S\000a\000m\000p\000l\000e\000\040\000s\000p\000a\000c\000e\000s}{chapter.7}% 32
\BOOKMARK [1][-]{section.7.3}{\376\377\000E\000v\000e\000n\000t\000s\000\040\000a\000n\000d\000\040\000s\000i\000g\000m\000a\000\040\000a\000l\000g\000e\000b\000r\000a\000s}{chapter.7}% 33
\BOOKMARK [1][-]{section.7.4}{\376\377\000P\000r\000o\000b\000a\000b\000i\000l\000i\000t\000y}{chapter.7}% 34
\BOOKMARK [1][-]{section.7.5}{\376\377\000C\000o\000n\000d\000i\000t\000i\000o\000n\000a\000l\000\040\000p\000r\000o\000b\000a\000b\000i\000l\000i\000t\000y\000\040\000a\000n\000d\000\040\000i\000n\000d\000e\000p\000e\000n\000d\000e\000n\000c\000e}{chapter.7}% 35
\BOOKMARK [2][-]{subsection.7.5.1}{\376\377\000C\000h\000a\000i\000n\000\040\000r\000u\000l\000e}{section.7.5}% 36
\BOOKMARK [2][-]{subsection.7.5.2}{\376\377\000L\000a\000w\000\040\000o\000f\000\040\000t\000o\000t\000a\000l\000\040\000p\000r\000o\000b\000a\000b\000i\000l\000i\000t\000y\000\040\000a\000n\000d\000\040\000B\000a\000y\000e\000'\000s\000\040\000t\000h\000e\000o\000r\000e\000m}{section.7.5}% 37
\BOOKMARK [2][-]{subsection.7.5.3}{\376\377\000I\000n\000d\000e\000p\000e\000n\000d\000e\000n\000c\000e}{section.7.5}% 38
\BOOKMARK [0][-]{chapter.8}{\376\377\000F\000o\000r\000m\000u\000l\000a\000s}{part.2}% 39
\BOOKMARK [0][-]{Item.38}{\376\377\000R\000e\000f\000e\000r\000e\000n\000c\000e\000s}{part.2}% 40
